Lecture21-ALERT  DIALOG/Alert_Dialog/app/build/intermediates/manifest_merge_blame_file/debug/manifest-merger-blame-debug-report.txt
1<?xml version="1.0" encoding="utf-8"?>
2<manifest xmlns:android="http://schemas.android.com/apk/res/android"
3    package="com.example.alert_dialog"
4    android:versionCode="1"
5    android:versionName="1.0" >
6
7    <uses-sdk
8        android:minSdkVersion="21"
8-->src/main/AndroidManifest.xml
9        android:targetSdkVersion="33" />
9-->src/main/AndroidManifest.xml
10
11    <permission
11-->[androidx.core:core:1.9.0] AndroidManifest.xml:22:5-24:47
12        android:name="com.example.alert_dialog.DYNAMIC_RECEIVER_NOT_EXPORTED_PERMISSION"
12-->[androidx.core:core:1.9.0] AndroidManifest.xml:23:9-81
13        android:protectionLevel="signature" />
13-->[androidx.core:core:1.9.0] AndroidManifest.xml:24:9-44
14
15    <uses-permission android:name="com.example.alert_dialog.DYNAMIC_RECEIVER_NOT_EXPORTED_PERMISSION" />
15-->[androidx.core:core:1.9.0] AndroidManifest.xml:26:5-97
15-->[androidx.core:core:1.9.0] AndroidManifest.xml:26:22-94
16
17    <application
17-->src/main/AndroidManifest.xml:5:5-24:19
18        android:allowBackup="true"
18-->src/main/AndroidManifest.xml:6:9-35
19        android:appComponentFactory="androidx.core.app.CoreComponentFactory"
19-->[androidx.core:core:1.9.0] AndroidManifest.xml:28:18-86
20        android:dataExtractionRules="@xml/data_extraction_rules"
20-->src/main/AndroidManifest.xml:7:9-65
21        android:debuggable="true"
22        android:fullBackupContent="@xml/backup_rules"
22-->src/main/AndroidManifest.xml:8:9-54
23        android:icon="@mipmap/ic_launcher"
23-->src/main/AndroidManifest.xml:9:9-43
24        android:label="@string/app_name"
24-->src/main/AndroidManifest.xml:10:9-41
25        android:roundIcon="@mipmap/ic_launcher_round"
25-->src/main/AndroidManifest.xml:11:9-54
26        android:supportsRtl="true"
26-->src/main/AndroidManifest.xml:12:9-35
27        android:testOnly="true"
28        android:theme="@style/Theme.Alert_Dialog" >
28-->src/main/AndroidManifest.xml:13:9-50
29        <activity
29-->src/main/AndroidManifest.xml:15:9-23:20
30            android:name="com.example.alert_dialog.MainActivity"
30-->src/main/AndroidManifest.xml:16:13-41
31            android:exported="true" >
31-->src/main/AndroidManifest.xml:17:13-36
32            <intent-filter>
32-->src/main/AndroidManifest.xml:18:13-22:29
33                <action android:name="android.intent.action.MAIN" />
33-->src/main/AndroidManifest.xml:19:17-69
33-->src/main/AndroidManifest.xml:19:25-66
34
35                <category android:name="android.intent.category.LAUNCHER" />
35-->src/main/AndroidManifest.xml:21:17-77
35-->src/main/AndroidManifest.xml:21:27-74
36            </intent-filter>
37        </activity>
38
39        <provider
39-->[androidx.emoji2:emoji2:1.2.0] AndroidManifest.xml:24:9-32:20
40            android:name="androidx.startup.InitializationProvider"
40-->[androidx.emoji2:emoji2:1.2.0] AndroidManifest.xml:25:13-67
41            android:authorities="com.example.alert_dialog.androidx-startup"
41-->[androidx.emoji2:emoji2:1.2.0] AndroidManifest.xml:26:13-68
42            android:exported="false" >
42-->[androidx.emoji2:emoji2:1.2.0] AndroidManifest.xml:27:13-37
43            <meta-data
43-->[androidx.emoji2:emoji2:1.2.0] AndroidManifest.xml:29:13-31:52
44                android:name="androidx.emoji2.text.EmojiCompatInitializer"
44-->[androidx.emoji2:emoji2:1.2.0] AndroidManifest.xml:30:17-75
45                android:value="androidx.startup" />
45-->[androidx.emoji2:emoji2:1.2.0] AndroidManifest.xml:31:17-49
46            <meta-data
46-->[androidx.lifecycle:lifecycle-process:2.4.1] AndroidManifest.xml:31:13-33:52
47                android:name="androidx.lifecycle.ProcessLifecycleInitializer"
47-->[androidx.lifecycle:lifecycle-process:2.4.1] AndroidManifest.xml:32:17-78
48                android:value="androidx.startup" />
48-->[androidx.lifecycle:lifecycle-process:2.4.1] AndroidManifest.xml:33:17-49
49        </provider>
50    </application>
51
52</manifest>